<?xml version="1.0" encoding="UTF-8"?>
<!-- Generated by org.testng.reporters.JUnitReportReporter -->
<testsuite skipped="0" hostname="k2annex03" name="com.test.qa.tests.Create_CampaignPageTest" tests="1" failures="0" timestamp="24 Aug 2018 08:26:25 GMT" time="0.009" errors="0">
  <testcase name="f" time="0.009" classname="com.test.qa.tests.Create_CampaignPageTest"/>
</testsuite> <!-- com.test.qa.tests.Create_CampaignPageTest -->
