<?xml version="1.0" encoding="UTF-8"?>
<!-- Generated by org.testng.reporters.JUnitReportReporter -->
<testsuite skipped="1" hostname="k2annex03" name="com.test.qa.tests.CreateCampaignPageTest" tests="1" failures="0" timestamp="07 Sep 2018 08:06:49 GMT" time="0.000" errors="0">
  <testcase name="Open_campaignPage" time="0.000" classname="com.test.qa.tests.CreateCampaignPageTest">
    <skipped/>
  </testcase> <!-- Open_campaignPage -->
</testsuite> <!-- com.test.qa.tests.CreateCampaignPageTest -->
