<?xml version="1.0" encoding="UTF-8"?>
<!-- Generated by org.testng.reporters.JUnitReportReporter -->
<testsuite skipped="0" hostname="k2annex03" name="com.test.qa.tests.LoginPageTest" tests="2" failures="0" timestamp="21 Sep 2018 10:20:43 GMT" time="36.604" errors="0">
  <testcase name="login" time="17.492" classname="com.test.qa.tests.LoginPageTest"/>
  <testcase name="create_StoryCards" time="19.112" classname="com.test.qa.tests.LoginPageTest"/>
</testsuite> <!-- com.test.qa.tests.LoginPageTest -->
