<?xml version="1.0" encoding="UTF-8"?>
<!-- Generated by org.testng.reporters.JUnitReportReporter -->
<testsuite skipped="0" hostname="k2annex03" name="com.test.qa.pages.test" tests="1" failures="0" timestamp="24 Aug 2018 07:16:16 GMT" time="0.448" errors="0">
  <testcase name="t" time="0.448" classname="com.test.qa.pages.test"/>
</testsuite> <!-- com.test.qa.pages.test -->
