<?xml version="1.0" encoding="UTF-8"?>
<!-- Generated by org.testng.reporters.JUnitReportReporter -->
<testsuite skipped="4" hostname="k2annex03" name="com.test.qa.tests.test" tests="4" failures="0" timestamp="07 Sep 2018 08:06:49 GMT" time="0.000" errors="0">
  <testcase name="f" time="0.000" classname="com.test.qa.tests.test">
    <skipped/>
  </testcase> <!-- f -->
  <testcase name="f1" time="0.000" classname="com.test.qa.tests.test">
    <skipped/>
  </testcase> <!-- f1 -->
  <testcase name="f2" time="0.000" classname="com.test.qa.tests.test">
    <skipped/>
  </testcase> <!-- f2 -->
  <testcase name="f3" time="0.000" classname="com.test.qa.tests.test">
    <skipped/>
  </testcase> <!-- f3 -->
</testsuite> <!-- com.test.qa.tests.test -->
