<?xml version="1.0" encoding="UTF-8"?>
<!-- Generated by org.testng.reporters.JUnitReportReporter -->
<testsuite skipped="3" hostname="k2annex03" name="com.test.qa.tests.CreateContentPageTest" tests="3" failures="0" timestamp="07 Sep 2018 08:06:49 GMT" time="0.000" errors="0">
  <testcase name="Open_ContentPage" time="0.000" classname="com.test.qa.tests.CreateContentPageTest">
    <skipped/>
  </testcase> <!-- Open_ContentPage -->
  <testcase name="Select_ContentType" time="0.000" classname="com.test.qa.tests.CreateContentPageTest">
    <skipped/>
  </testcase> <!-- Select_ContentType -->
  <testcase name="Open_CreateContentPage" time="0.000" classname="com.test.qa.tests.CreateContentPageTest">
    <skipped/>
  </testcase> <!-- Open_CreateContentPage -->
</testsuite> <!-- com.test.qa.tests.CreateContentPageTest -->
