<?xml version="1.0" encoding="UTF-8"?>
<!-- Generated by org.testng.reporters.JUnitReportReporter -->
<testsuite skipped="1" hostname="k2annex03" name="com.test.qa.tests.CreateTriggerPageTest" tests="1" failures="0" timestamp="07 Sep 2018 08:06:49 GMT" time="0.000" errors="0">
  <testcase name="f" time="0.000" classname="com.test.qa.tests.CreateTriggerPageTest">
    <skipped/>
  </testcase> <!-- f -->
</testsuite> <!-- com.test.qa.tests.CreateTriggerPageTest -->
